<?xml version="1.0" encoding="UTF-8"?>
<!-- Generated by org.testng.reporters.JUnitReportReporter -->
<testsuite hostname="DESKTOP-7EUDCAL" failures="0" tests="1" name="com.sauce.tests.LogoutTest" time="2.792" errors="0" timestamp="2022-10-05T21:29:34 GMT-04:00" skipped="0">
  <testcase classname="com.sauce.tests.LogoutTest" name="logout" time="2.792"/>
  <system-out/>
</testsuite> <!-- com.sauce.tests.LogoutTest -->
