<?xml version="1.0" encoding="UTF-8"?>
<!-- Generated by org.testng.reporters.JUnitReportReporter -->
<testsuite hostname="DESKTOP-7EUDCAL" failures="0" tests="2" name="com.sauce.tests.LoginTest" time="7.987" errors="0" timestamp="2022-10-05T21:29:34 GMT-04:00" skipped="0">
  <testcase classname="com.sauce.tests.LoginTest" name="Validlogintest" time="5.249"/>
  <system-out/>
  <testcase classname="com.sauce.tests.LoginTest" name="invalidlogintest" time="2.738"/>
  <system-out/>
</testsuite> <!-- com.sauce.tests.LoginTest -->
