<?xml version="1.0" encoding="UTF-8"?>
<!-- Generated by org.testng.reporters.JUnitReportReporter -->
<testsuite hostname="DESKTOP-7EUDCAL" failures="0" tests="1" name="com.janbask.testngTescases.LogOutTest" time="4.635" errors="0" timestamp="2022-12-05T21:00:41 GMT-05:00" skipped="0">
  <testcase classname="com.janbask.testngTescases.LogOutTest" name="logout" time="4.635"/>
  <system-out/>
</testsuite> <!-- com.janbask.testngTescases.LogOutTest -->
