<?xml version="1.0" encoding="UTF-8"?>
<!-- Generated by org.testng.reporters.JUnitReportReporter -->
<testsuite hostname="DESKTOP-7EUDCAL" failures="0" tests="3" name="com.janbask.testngAnnotations.Annotations_Example" time="0.019" errors="0" timestamp="2022-10-03T21:53:29 GMT-04:00" skipped="0">
  <testcase classname="com.janbask.testngAnnotations.Annotations_Example" name="method2" time="0.005"/>
  <system-out/>
  <testcase classname="com.janbask.testngAnnotations.Annotations_Example" name="method3" time="0.003"/>
  <system-out/>
  <testcase classname="com.janbask.testngAnnotations.Annotations_Example" name="method1" time="0.011"/>
  <system-out/>
</testsuite> <!-- com.janbask.testngAnnotations.Annotations_Example -->
