<?xml version="1.0" encoding="UTF-8"?>
<!-- Generated by org.testng.reporters.JUnitReportReporter -->
<testsuite hostname="DESKTOP-7EUDCAL" failures="0" tests="3" name="com.janbask.testngex.Employee" time="0.018" errors="0" timestamp="2022-10-03T21:43:32 GMT-04:00" skipped="0">
  <testcase classname="com.janbask.testngex.Employee" name="method5" time="0.003"/>
  <system-out/>
  <testcase classname="com.janbask.testngex.Employee" name="method4" time="0.001"/>
  <system-out/>
  <testcase classname="com.janbask.testngex.Employee" name="method1" time="0.014"/>
  <system-out/>
</testsuite> <!-- com.janbask.testngex.Employee -->
