<?xml version="1.0" encoding="UTF-8"?>
<!-- Generated by org.testng.reporters.JUnitReportReporter -->
<testsuite hostname="DESKTOP-7EUDCAL" failures="0" tests="1" name="com.janbask.testngTescases.AddToCartTest" time="9.117" errors="0" timestamp="2022-10-03T22:02:51 GMT-04:00" skipped="0">
  <testcase classname="com.janbask.testngTescases.AddToCartTest" name="addtocart" time="9.117"/>
  <system-out/>
</testsuite> <!-- com.janbask.testngTescases.AddToCartTest -->
