<?xml version="1.0" encoding="UTF-8"?>
<!-- Generated by org.testng.reporters.JUnitReportReporter -->
<testsuite hostname="DESKTOP-7EUDCAL" failures="0" tests="1" name="com.janbask.testngTescases.LogOutTest" time="15.606" errors="0" timestamp="2022-10-03T22:02:51 GMT-04:00" skipped="0">
  <testcase classname="com.janbask.testngTescases.LogOutTest" name="logout" time="15.606"/>
  <system-out/>
</testsuite> <!-- com.janbask.testngTescases.LogOutTest -->
