<?xml version="1.0" encoding="UTF-8"?>
<!-- Generated by org.testng.reporters.JUnitReportReporter -->
<testsuite hostname="DESKTOP-7EUDCAL" failures="0" tests="1" name="com.janbask.testngTescases.AddToCartTest" time="2.576" errors="0" timestamp="2022-12-05T21:00:41 GMT-05:00" skipped="0">
  <testcase classname="com.janbask.testngTescases.AddToCartTest" name="addtocart" time="2.576"/>
  <system-out/>
</testsuite> <!-- com.janbask.testngTescases.AddToCartTest -->
