<?xml version="1.0" encoding="UTF-8"?>
<!-- Generated by org.testng.reporters.JUnitReportReporter -->
<testsuite hostname="DESKTOP-7EUDCAL" failures="0" tests="1" name="com.sauce.testcases.AddtocartTest" time="4.604" errors="0" timestamp="2022-12-07T20:33:13 GMT-05:00" skipped="0">
  <testcase classname="com.sauce.testcases.AddtocartTest" name="addtocart" time="4.604"/>
  <system-out/>
</testsuite> <!-- com.sauce.testcases.AddtocartTest -->
