<?xml version="1.0" encoding="UTF-8"?>
<!-- Generated by org.testng.reporters.JUnitReportReporter -->
<testsuite hostname="DESKTOP-7EUDCAL" failures="0" tests="2" name="com.sauce.testcases.LoginTest" time="5.621" errors="0" timestamp="2022-12-07T20:33:13 GMT-05:00" skipped="0">
  <testcase classname="com.sauce.testcases.LoginTest" name="invalidlogin" time="2.819"/>
  <system-out/>
  <testcase classname="com.sauce.testcases.LoginTest" name="login" time="2.802"/>
  <system-out/>
</testsuite> <!-- com.sauce.testcases.LoginTest -->
