<?xml version="1.0" encoding="UTF-8"?>
<!-- Generated by org.testng.reporters.JUnitReportReporter -->
<testsuite hostname="DESKTOP-7EUDCAL" failures="0" tests="2" name="com.sauce.testcases.LoginTest" time="14.086" errors="0" timestamp="2022-12-06T21:12:51 GMT-05:00" skipped="0">
  <testcase classname="com.sauce.testcases.LoginTest" name="login" time="8.290"/>
  <system-out/>
  <testcase classname="com.sauce.testcases.LoginTest" name="invalidlogin" time="5.796"/>
  <system-out/>
</testsuite> <!-- com.sauce.testcases.LoginTest -->
