<?xml version="1.0" encoding="UTF-8"?>
<!-- Generated by org.testng.reporters.JUnitReportReporter -->
<testsuite hostname="DESKTOP-7EUDCAL" failures="0" tests="1" name="com.sauce.testcases.LogoutTest" time="2.843" errors="0" timestamp="2022-12-07T20:29:00 GMT-05:00" skipped="0">
  <testcase classname="com.sauce.testcases.LogoutTest" name="logouttest" time="2.843"/>
  <system-out/>
</testsuite> <!-- com.sauce.testcases.LogoutTest -->
