<?xml version="1.0" encoding="UTF-8"?>
<!-- Generated by org.testng.reporters.JUnitReportReporter -->
<testsuite hostname="DESKTOP-7EUDCAL" failures="0" tests="1" name="com.selenium.tests.LogOutTest" time="12.470" errors="0" timestamp="2022-10-07T21:46:36 GMT-04:00" skipped="0">
  <testcase classname="com.selenium.tests.LogOutTest" name="logout" time="12.470"/>
  <system-out/>
</testsuite> <!-- com.selenium.tests.LogOutTest -->
