<?xml version="1.0" encoding="UTF-8"?>
<!-- Generated by org.testng.reporters.JUnitReportReporter -->
<testsuite hostname="DESKTOP-7EUDCAL" failures="0" tests="1" name="com.selenium.tests.LoginTest" time="12.650" errors="0" timestamp="2022-10-07T21:46:14 GMT-04:00" skipped="0">
  <testcase classname="com.selenium.tests.LoginTest" name="login" time="12.650"/>
  <system-out/>
</testsuite> <!-- com.selenium.tests.LoginTest -->
