<?xml version="1.0" encoding="UTF-8"?>
<!-- Generated by org.testng.reporters.JUnitReportReporter -->
<testsuite hostname="DESKTOP-7EUDCAL" failures="0" tests="3" name="TestngAnnotations" time="0.015" errors="0" timestamp="2022-12-05T20:43:10 GMT-05:00" skipped="0">
  <testcase classname="TestngAnnotations" name="method3" time="0.004"/>
  <system-out/>
  <testcase classname="TestngAnnotations" name="method1" time="0.008"/>
  <system-out/>
  <testcase classname="TestngAnnotations" name="method2" time="0.003"/>
  <system-out/>
</testsuite> <!-- TestngAnnotations -->
