<?xml version="1.0" encoding="UTF-8"?>
<!-- Generated by org.testng.reporters.JUnitReportReporter -->
<testsuite hostname="DESKTOP-7EUDCAL" failures="0" tests="1" name="Sauce" time="7.371" errors="0" timestamp="2022-12-05T20:29:02 GMT-05:00" skipped="0">
  <testcase classname="Sauce" name="login" time="7.371"/>
  <system-out/>
</testsuite> <!-- Sauce -->
