<?xml version="1.0" encoding="UTF-8"?>
<!-- Generated by org.testng.reporters.JUnitReportReporter -->
<testsuite hostname="DESKTOP-7EUDCAL" failures="0" tests="3" name="Car" time="0.019" errors="0" timestamp="2022-12-05T20:24:41 GMT-05:00" skipped="0">
  <testcase classname="Car" name="abs" time="0.015"/>
  <system-out/>
  <testcase classname="Car" name="windows" time="0.002"/>
  <system-out/>
  <testcase classname="Car" name="transmission" time="0.002"/>
  <system-out/>
</testsuite> <!-- Car -->
