<?xml version="1.0" encoding="UTF-8"?>
<!-- Generated by org.testng.reporters.JUnitReportReporter -->
<testsuite hostname="DESKTOP-7EUDCAL" failures="0" tests="4" name="Priority_Ex" time="0.017" errors="0" timestamp="2022-12-05T20:52:42 GMT-05:00" skipped="0">
  <testcase classname="Priority_Ex" name="branch" time="0.002"/>
  <system-out/>
  <testcase classname="Priority_Ex" name="agrade" time="0.011"/>
  <system-out/>
  <testcase classname="Priority_Ex" name="salary" time="0.002"/>
  <system-out/>
  <testcase classname="Priority_Ex" name="pf" time="0.002"/>
  <system-out/>
</testsuite> <!-- Priority_Ex -->
